<?xml version="1.0" encoding="UTF-8"?>
<!-- Generated by org.testng.reporters.JUnitXMLReporter -->
<testsuite ignored="1" hostname="DESKTOP-G25F7V2" failures="0" tests="1" name="chromeTest" time="8.704" errors="0" timestamp="2024-01-28T16:59:39 IST">
  <testcase classname="testCases.RegisterTestCase" name="verify_register" time="2.069"/>
  <testcase classname="testCases.Logintestcase" name="verifylogin" time="0.0">
    <ignored/>
  </testcase> <!-- verifylogin -->
</testsuite> <!-- chromeTest -->
