<?xml version="1.0" encoding="UTF-8"?>
<testng-results ignored="1" total="2" passed="1" failed="0" skipped="0">
  <reporter-output>
  </reporter-output>
  <suite started-at="2024-01-28T16:59:28 IST" name="Suite" finished-at="2024-01-28T16:59:37 IST" duration-ms="8704">
    <groups>
      <group name="sanity">
        <method signature="RegisterTestCase.verify_register()[pri:0, instance:testCases.RegisterTestCase@4ec4f3a0]" name="verify_register" class="testCases.RegisterTestCase"/>
      </group> <!-- sanity -->
      <group name="master">
        <method signature="RegisterTestCase.verify_register()[pri:0, instance:testCases.RegisterTestCase@4ec4f3a0]" name="verify_register" class="testCases.RegisterTestCase"/>
      </group> <!-- master -->
    </groups>
    <test started-at="2024-01-28T16:59:28 IST" name="chromeTest" finished-at="2024-01-28T16:59:37 IST" duration-ms="8704">
      <class name="testCases.RegisterTestCase">
        <test-method is-config="true" signature="setup(java.lang.String)[pri:0, instance:testCases.RegisterTestCase@4ec4f3a0]" started-at="2024-01-28T16:59:29 IST" name="setup" finished-at="2024-01-28T16:59:35 IST" duration-ms="5953" status="PASS">
          <params>
            <param index="0">
              <value>
                <![CDATA[chrome]]>
              </value>
            </param>
          </params>
          <reporter-output>
          </reporter-output>
        </test-method> <!-- setup -->
        <test-method signature="verify_register()[pri:0, instance:testCases.RegisterTestCase@4ec4f3a0]" started-at="2024-01-28T16:59:35 IST" name="verify_register" finished-at="2024-01-28T16:59:37 IST" duration-ms="2069" status="PASS">
          <reporter-output>
          </reporter-output>
        </test-method> <!-- verify_register -->
        <test-method is-config="true" signature="teardown()[pri:0, instance:testCases.RegisterTestCase@4ec4f3a0]" started-at="2024-01-28T16:59:37 IST" name="teardown" finished-at="2024-01-28T16:59:37 IST" duration-ms="384" status="PASS">
          <reporter-output>
          </reporter-output>
        </test-method> <!-- teardown -->
      </class> <!-- testCases.RegisterTestCase -->
    </test> <!-- chromeTest -->
  </suite> <!-- Suite -->
</testng-results>
