<?xml version="1.0" encoding="UTF-8"?>
<testng-results ignored="0" total="1" passed="1" failed="0" skipped="0">
  <reporter-output>
  </reporter-output>
  <suite started-at="2024-01-26T15:21:34 IST" name="Failed suite [Suite]" finished-at="2024-01-26T15:21:42 IST" duration-ms="8065">
    <groups>
      <group name="regression">
        <method signature="Logintestcase.verifylogin()[pri:1, instance:testCases.Logintestcase@16293aa2]" name="verifylogin" class="testCases.Logintestcase"/>
      </group> <!-- regression -->
      <group name="master">
        <method signature="Logintestcase.verifylogin()[pri:1, instance:testCases.Logintestcase@16293aa2]" name="verifylogin" class="testCases.Logintestcase"/>
      </group> <!-- master -->
    </groups>
    <test started-at="2024-01-26T15:21:34 IST" name="chromeTest(failed)" finished-at="2024-01-26T15:21:42 IST" duration-ms="8065">
      <class name="testCases.Logintestcase">
        <test-method is-config="true" signature="setup(java.lang.String)[pri:0, instance:testCases.Logintestcase@16293aa2]" started-at="2024-01-26T15:21:34 IST" name="setup" finished-at="2024-01-26T15:21:39 IST" duration-ms="4663" status="PASS">
          <params>
            <param index="0">
              <value>
                <![CDATA[chrome]]>
              </value>
            </param>
          </params>
          <reporter-output>
          </reporter-output>
        </test-method> <!-- setup -->
        <test-method signature="verifylogin()[pri:1, instance:testCases.Logintestcase@16293aa2]" started-at="2024-01-26T15:21:39 IST" name="verifylogin" finished-at="2024-01-26T15:21:42 IST" duration-ms="2910" status="PASS">
          <reporter-output>
          </reporter-output>
        </test-method> <!-- verifylogin -->
        <test-method is-config="true" signature="teardown()[pri:0, instance:testCases.Logintestcase@16293aa2]" started-at="2024-01-26T15:21:42 IST" name="teardown" finished-at="2024-01-26T15:21:42 IST" duration-ms="195" status="PASS">
          <reporter-output>
          </reporter-output>
        </test-method> <!-- teardown -->
      </class> <!-- testCases.Logintestcase -->
    </test> <!-- chromeTest(failed) -->
  </suite> <!-- Failed suite [Suite] -->
</testng-results>
